[0.013s] Invoking command in '/home/pranav/ws/build/my_robot_interfaces': CMAKE_PREFIX_PATH=${CMAKE_PREFIX_PATH}:/home/pranav/ws/install/mypkg:/home/pranav/learning_ws/install/mypkg:/opt/ros/humble /usr/bin/cmake /home/pranav/ws/src/my_robot_interfaces -DAMENT_CMAKE_SYMLINK_INSTALL=1 -DCMAKE_INSTALL_PREFIX=/home/pranav/ws/install/my_robot_interfaces
[0.033s] -- Found ament_cmake: 1.3.9 (/opt/ros/humble/share/ament_cmake/cmake)
[0.174s] -- Override CMake install command with custom implementation using symlinks instead of copying resources
[0.181s] -- Found rosidl_default_generators: 1.2.0 (/opt/ros/humble/share/rosidl_default_generators/cmake)
[0.183s] -- Using all available rosidl_typesupport_c: rosidl_typesupport_fastrtps_c;rosidl_typesupport_introspection_c
[0.186s] -- Found rosidl_adapter: 3.1.5 (/opt/ros/humble/share/rosidl_adapter/cmake)
[0.217s] -- Using all available rosidl_typesupport_cpp: rosidl_typesupport_fastrtps_cpp;rosidl_typesupport_introspection_cpp
[0.556s] -- Found ament_cmake_ros: 0.10.0 (/opt/ros/humble/share/ament_cmake_ros/cmake)
[0.751s] -- Using all available rosidl_typesupport_c: rosidl_typesupport_fastrtps_c;rosidl_typesupport_introspection_c
[1.009s] -- Using all available rosidl_typesupport_cpp: rosidl_typesupport_fastrtps_cpp;rosidl_typesupport_introspection_cpp
[1.032s] -- Found python_cmake_module: 0.10.0 (/opt/ros/humble/share/python_cmake_module/cmake)
[1.060s] -- Using PYTHON_EXECUTABLE: /usr/bin/python3
[1.060s] -- Using PYTHON_INCLUDE_DIRS: /usr/include/python3.10
[1.060s] -- Using PYTHON_LIBRARIES: /usr/lib/x86_64-linux-gnu/libpython3.10.so
[1.084s] -- Configuring done
[1.128s] -- Generating done
[1.134s] -- Build files have been written to: /home/pranav/ws/build/my_robot_interfaces
[1.145s] Invoked command in '/home/pranav/ws/build/my_robot_interfaces' returned '0': CMAKE_PREFIX_PATH=${CMAKE_PREFIX_PATH}:/home/pranav/ws/install/mypkg:/home/pranav/learning_ws/install/mypkg:/opt/ros/humble /usr/bin/cmake /home/pranav/ws/src/my_robot_interfaces -DAMENT_CMAKE_SYMLINK_INSTALL=1 -DCMAKE_INSTALL_PREFIX=/home/pranav/ws/install/my_robot_interfaces
[1.146s] Invoking command in '/home/pranav/ws/build/my_robot_interfaces': CMAKE_PREFIX_PATH=${CMAKE_PREFIX_PATH}:/home/pranav/ws/install/mypkg:/home/pranav/learning_ws/install/mypkg:/opt/ros/humble /usr/bin/cmake --build /home/pranav/ws/build/my_robot_interfaces -- -j4 -l4
[1.201s] [35m[1mConsolidate compiler generated dependencies of target my_robot_interfaces__rosidl_generator_c[0m
[1.212s] failed to create symbolic link '/home/pranav/ws/build/my_robot_interfaces/ament_cmake_python/my_robot_interfaces/my_robot_interfaces' because existing path cannot be removed: Is a directory
[1.213s] gmake[2]: *** [CMakeFiles/ament_cmake_python_symlink_my_robot_interfaces.dir/build.make:70: CMakeFiles/ament_cmake_python_symlink_my_robot_interfaces] Error 1
[1.213s] gmake[1]: *** [CMakeFiles/Makefile2:421: CMakeFiles/ament_cmake_python_symlink_my_robot_interfaces.dir/all] Error 2
[1.213s] gmake[1]: *** Waiting for unfinished jobs....
[1.222s] [  1%] Built target my_robot_interfaces__cpp
[1.225s] [ 12%] Built target my_robot_interfaces__rosidl_generator_c
[1.226s] gmake: *** [Makefile:146: all] Error 2
[1.234s] Invoked command in '/home/pranav/ws/build/my_robot_interfaces' returned '2': CMAKE_PREFIX_PATH=${CMAKE_PREFIX_PATH}:/home/pranav/ws/install/mypkg:/home/pranav/learning_ws/install/mypkg:/opt/ros/humble /usr/bin/cmake --build /home/pranav/ws/build/my_robot_interfaces -- -j4 -l4
